[INFO] Scanning for projects...
[INFO] 
[INFO] -----------------< com.hostelconnect:hostelconnect-gh >-----------------
[INFO] Building hostelconnect-gh 0.0.1-SNAPSHOT
[INFO]   from pom.xml
[INFO] --------------------------------[ jar ]---------------------------------
[INFO] 
[INFO] --- clean:3.3.2:clean (default-clean) @ hostelconnect-gh ---
[INFO] Deleting D:\HOSTEL_HIVE\target
[INFO] 
[INFO] --- resources:3.3.1:resources (default-resources) @ hostelconnect-gh ---
[INFO] Copying 2 resources from src\main\resources to target\classes
[INFO] Copying 11 resources from src\main\resources to target\classes
[INFO] 
[INFO] --- compiler:3.13.0:compile (default-compile) @ hostelconnect-gh ---
[INFO] Recompiling the module because of changed source code.
[INFO] Compiling 93 source files with javac [debug parameters release 17] to target\classes
[INFO] /D:/HOSTEL_HIVE/src/main/java/com/hostelconnect/security/RateLimitFilter.java: D:\HOSTEL_HIVE\src\main\java\com\hostelconnect\security\RateLimitFilter.java uses or overrides a deprecated API.
[INFO] /D:/HOSTEL_HIVE/src/main/java/com/hostelconnect/security/RateLimitFilter.java: Recompile with -Xlint:deprecation for details.
[INFO] ------------------------------------------------------------------------
[INFO] BUILD SUCCESS
[INFO] ------------------------------------------------------------------------
[INFO] Total time:  10.500 s
[INFO] Finished at: 2026-02-25T03:51:31Z
[INFO] ------------------------------------------------------------------------
